<?xml version="1.0" encoding="UTF-8"?>
<!-- Generated by org.testng.reporters.JUnitXMLReporter -->
<testsuite ignored="2" hostname="Emir-TOSH" failures="0" tests="0" time="0.001" errors="0" timestamp="2022-12-19T12:50:40 CET">
  <testcase classname="EmirSeho.tests.ErrorValidationsTests" name="LoginErrorValidtion" time="0.0">
    <ignored/>
  </testcase> <!-- LoginErrorValidtion -->
  <testcase classname="EmirSeho.tests.ErrorValidationsTests" name="ProductErrorValidtion" time="0.0">
    <ignored/>
  </testcase> <!-- ProductErrorValidtion -->
</testsuite>
