<?xml version="1.0" encoding="UTF-8"?>
<!-- Generated by org.testng.reporters.JUnitXMLReporter -->
<testsuite ignored="0" hostname="Emir-TOSH" failures="0" tests="4" name="Submit Order Tests" time="212.28" errors="0" timestamp="2022-12-19T12:50:40 CET">
  <testcase classname="EmirSeho.tests.SubmitOrderTest" name="SubmitOrder" time="34.056"/>
  <testcase classname="EmirSeho.tests.SubmitOrderTest" name="SubmitOrder" time="46.065"/>
  <testcase classname="EmirSeho.tests.SubmitOrderTest" name="CheckoutCartPopupOrderHistoryTest" time="15.378"/>
  <testcase classname="EmirSeho.tests.SubmitOrderTest" name="CheckoutCartPopupOrderHistoryTest" time="38.391"/>
</testsuite> <!-- Submit Order Tests -->
