<?xml version="1.0" encoding="UTF-8"?>
<!-- Generated by org.testng.reporters.JUnitXMLReporter -->
<testsuite ignored="2" hostname="Emir-TOSH" failures="0" tests="0" time="0.0" errors="0" timestamp="2022-12-21T13:07:51 CET">
  <testcase classname="tests.ErrorValidationsTests" name="ProductErrorValidtion" time="0.0">
    <ignored/>
  </testcase> <!-- ProductErrorValidtion -->
  <testcase classname="tests.ErrorValidationsTests" name="LoginErrorValidtion" time="0.0">
    <ignored/>
  </testcase> <!-- LoginErrorValidtion -->
</testsuite>
