<?xml version="1.0" encoding="UTF-8"?>
<!-- Generated by org.testng.reporters.JUnitXMLReporter -->
<testsuite ignored="1" hostname="Emir-TOSH" failures="0" tests="2" name="Submit Order Tests" time="91.679" errors="0" timestamp="2022-12-21T13:07:51 CET">
  <testcase classname="tests.SubmitOrderTest" name="SubmitOrder" time="34.119"/>
  <testcase classname="tests.SubmitOrderTest" name="SubmitOrder" time="32.109"/>
  <testcase classname="tests.SubmitOrderTest" name="CheckoutCartPopupOrderHistoryTest" time="0.0">
    <ignored/>
  </testcase> <!-- CheckoutCartPopupOrderHistoryTest -->
</testsuite> <!-- Submit Order Tests -->
