<?xml version="1.0" encoding="UTF-8"?>
<testng-results ignored="3" total="5" passed="2" failed="0" skipped="0">
  <reporter-output>
  </reporter-output>
  <suite started-at="2022-12-21T13:06:20 CET" name="Suite" finished-at="2022-12-21T13:07:51 CET" duration-ms="91713">
    <groups>
      <group name="Purchase">
        <method signature="SubmitOrderTest.SubmitOrder(java.util.HashMap)[pri:0, instance:tests.SubmitOrderTest@5b239d7d]" name="SubmitOrder" class="tests.SubmitOrderTest"/>
      </group> <!-- Purchase -->
    </groups>
    <test started-at="2022-12-21T13:06:20 CET" name="Submit Order Tests" finished-at="2022-12-21T13:07:51 CET" duration-ms="91679">
      <class name="tests.SubmitOrderTest">
        <test-method is-config="true" signature="launchApplication()[pri:0, instance:tests.SubmitOrderTest@5b239d7d]" started-at="2022-12-21T13:06:20 CET" name="launchApplication" finished-at="2022-12-21T13:06:37 CET" duration-ms="17171" status="PASS">
          <reporter-output>
          </reporter-output>
        </test-method> <!-- launchApplication -->
        <test-method signature="SubmitOrder(java.util.HashMap)[pri:0, instance:tests.SubmitOrderTest@5b239d7d]" started-at="2022-12-21T13:06:37 CET" name="SubmitOrder" data-provider="getData" finished-at="2022-12-21T13:07:11 CET" duration-ms="34119" status="PASS">
          <params>
            <param index="0">
              <value>
                <![CDATA[{password=Verysecureone1, product=Zoltan Gym Tee, email=seho-emir@gmail.com}]]>
              </value>
            </param>
          </params>
          <reporter-output>
          </reporter-output>
        </test-method> <!-- SubmitOrder -->
        <test-method is-config="true" signature="launchApplication()[pri:0, instance:tests.SubmitOrderTest@5b239d7d]" started-at="2022-12-21T13:07:11 CET" name="launchApplication" finished-at="2022-12-21T13:07:19 CET" duration-ms="7872" status="PASS">
          <reporter-output>
          </reporter-output>
        </test-method> <!-- launchApplication -->
        <test-method signature="SubmitOrder(java.util.HashMap)[pri:0, instance:tests.SubmitOrderTest@5b239d7d]" started-at="2022-12-21T13:07:19 CET" name="SubmitOrder" data-provider="getData" finished-at="2022-12-21T13:07:51 CET" duration-ms="32109" status="PASS">
          <params>
            <param index="0">
              <value>
                <![CDATA[{password=Verysecureone2, product=Proteus Fitness Jackshirt, email=sehoemirtest@gmail.com}]]>
              </value>
            </param>
          </params>
          <reporter-output>
          </reporter-output>
        </test-method> <!-- SubmitOrder -->
      </class> <!-- tests.SubmitOrderTest -->
    </test> <!-- Submit Order Tests -->
    <test started-at="2022-12-21T13:07:51 CET" name="Error Validation Tests" finished-at="2022-12-21T13:07:51 CET" duration-ms="0">
    </test> <!-- Error Validation Tests -->
  </suite> <!-- Suite -->
</testng-results>
