<?xml version="1.0" encoding="UTF-8"?>
<testng-results ignored="2" total="6" passed="4" failed="0" skipped="0">
  <reporter-output>
  </reporter-output>
  <suite started-at="2022-12-19T12:47:08 CET" name="Suite" finished-at="2022-12-19T12:50:40 CET" duration-ms="212311">
    <groups>
      <group name="Purchase">
        <method signature="SubmitOrderTest.SubmitOrder(java.util.HashMap)[pri:0, instance:EmirSeho.tests.SubmitOrderTest@26d9b808]" name="SubmitOrder" class="EmirSeho.tests.SubmitOrderTest"/>
        <method signature="SubmitOrderTest.CheckoutCartPopupOrderHistoryTest(java.util.HashMap)[pri:0, instance:EmirSeho.tests.SubmitOrderTest@26d9b808]" name="CheckoutCartPopupOrderHistoryTest" class="EmirSeho.tests.SubmitOrderTest"/>
      </group> <!-- Purchase -->
    </groups>
    <test started-at="2022-12-19T12:47:08 CET" name="Submit Order Tests" finished-at="2022-12-19T12:50:40 CET" duration-ms="212280">
      <class name="EmirSeho.tests.SubmitOrderTest">
        <test-method is-config="true" signature="launchApplication()[pri:0, instance:EmirSeho.tests.SubmitOrderTest@26d9b808]" started-at="2022-12-19T12:47:08 CET" name="launchApplication" finished-at="2022-12-19T12:47:23 CET" duration-ms="14490" status="PASS">
          <reporter-output>
          </reporter-output>
        </test-method> <!-- launchApplication -->
        <test-method signature="SubmitOrder(java.util.HashMap)[pri:0, instance:EmirSeho.tests.SubmitOrderTest@26d9b808]" started-at="2022-12-19T12:47:23 CET" name="SubmitOrder" data-provider="getData" finished-at="2022-12-19T12:47:57 CET" duration-ms="34056" status="PASS">
          <params>
            <param index="0">
              <value>
                <![CDATA[{password=Verysecureone1, product=Lando Gym Jacket, email=seho-emir@gmail.com}]]>
              </value>
            </param>
          </params>
          <reporter-output>
          </reporter-output>
        </test-method> <!-- SubmitOrder -->
        <test-method is-config="true" signature="launchApplication()[pri:0, instance:EmirSeho.tests.SubmitOrderTest@26d9b808]" started-at="2022-12-19T12:47:57 CET" name="launchApplication" finished-at="2022-12-19T12:48:12 CET" duration-ms="15245" status="PASS">
          <reporter-output>
          </reporter-output>
        </test-method> <!-- launchApplication -->
        <test-method signature="SubmitOrder(java.util.HashMap)[pri:0, instance:EmirSeho.tests.SubmitOrderTest@26d9b808]" started-at="2022-12-19T12:48:12 CET" name="SubmitOrder" data-provider="getData" finished-at="2022-12-19T12:48:58 CET" duration-ms="46065" status="PASS">
          <params>
            <param index="0">
              <value>
                <![CDATA[{password=Verysecureone2, product=Proteus Fitness Jackshirt, email=sehoemirtest@gmail.com}]]>
              </value>
            </param>
          </params>
          <reporter-output>
          </reporter-output>
        </test-method> <!-- SubmitOrder -->
        <test-method is-config="true" signature="launchApplication()[pri:0, instance:EmirSeho.tests.SubmitOrderTest@26d9b808]" started-at="2022-12-19T12:48:58 CET" name="launchApplication" finished-at="2022-12-19T12:49:13 CET" duration-ms="15310" status="PASS">
          <reporter-output>
          </reporter-output>
        </test-method> <!-- launchApplication -->
        <test-method signature="CheckoutCartPopupOrderHistoryTest(java.util.HashMap)[pri:0, instance:EmirSeho.tests.SubmitOrderTest@26d9b808]" started-at="2022-12-19T12:49:13 CET" name="CheckoutCartPopupOrderHistoryTest" data-provider="getData" finished-at="2022-12-19T12:49:29 CET" depends-on-methods="EmirSeho.tests.SubmitOrderTest.SubmitOrder" duration-ms="15378" status="PASS">
          <params>
            <param index="0">
              <value>
                <![CDATA[{password=Verysecureone1, product=Lando Gym Jacket, email=seho-emir@gmail.com}]]>
              </value>
            </param>
          </params>
          <reporter-output>
          </reporter-output>
        </test-method> <!-- CheckoutCartPopupOrderHistoryTest -->
        <test-method is-config="true" signature="launchApplication()[pri:0, instance:EmirSeho.tests.SubmitOrderTest@26d9b808]" started-at="2022-12-19T12:49:29 CET" name="launchApplication" finished-at="2022-12-19T12:50:02 CET" duration-ms="32737" status="PASS">
          <reporter-output>
          </reporter-output>
        </test-method> <!-- launchApplication -->
        <test-method signature="CheckoutCartPopupOrderHistoryTest(java.util.HashMap)[pri:0, instance:EmirSeho.tests.SubmitOrderTest@26d9b808]" started-at="2022-12-19T12:50:02 CET" name="CheckoutCartPopupOrderHistoryTest" data-provider="getData" finished-at="2022-12-19T12:50:40 CET" depends-on-methods="EmirSeho.tests.SubmitOrderTest.SubmitOrder" duration-ms="38391" status="PASS">
          <params>
            <param index="0">
              <value>
                <![CDATA[{password=Verysecureone2, product=Proteus Fitness Jackshirt, email=sehoemirtest@gmail.com}]]>
              </value>
            </param>
          </params>
          <reporter-output>
          </reporter-output>
        </test-method> <!-- CheckoutCartPopupOrderHistoryTest -->
      </class> <!-- EmirSeho.tests.SubmitOrderTest -->
    </test> <!-- Submit Order Tests -->
    <test started-at="2022-12-19T12:50:40 CET" name="Error Validation Tests" finished-at="2022-12-19T12:50:40 CET" duration-ms="1">
    </test> <!-- Error Validation Tests -->
  </suite> <!-- Suite -->
</testng-results>
